Flutter crash report.
Please report a bug at https://github.com/flutter/flutter/issues.

## command

flutter run --machine --start-paused -d 00008110-001E45440CFA801E --devtools-server-address http://127.0.0.1:9100/ --target /Users/cuteutya/Documents/GitHub/incode_group_test_task/lib/main.dart

## exception

StateError: Bad state: Failed to start Dart Development Service

```
#0      DartDevelopmentService.startDartDevelopmentService (package:flutter_tools/src/base/dds.dart:114:9)
<asynchronous suspension>
#1      FlutterDevice.connect.<anonymous closure> (package:flutter_tools/src/resident_runner.dart:294:11)
<asynchronous suspension>
```

## flutter doctor

```
[✓] Flutter (Channel master, 3.26.0-1.0.pre.98, on macOS 15.0.1 24A348 darwin-arm64, locale de-UA)
    • Flutter version 3.26.0-1.0.pre.98 on channel master at /Users/cuteutya/Documents/libs/flutter
    • Upstream repository https://github.com/flutter/flutter.git
    • Framework revision d8f8613a5b (9 weeks ago), 2024-09-12 08:42:15 -0700
    • Engine revision ee5adf6d2e
    • Dart version 3.6.0 (build 3.6.0-239.0.dev)
    • DevTools version 2.39.0

[!] Android toolchain - develop for Android devices (Android SDK version 35.0.0)
    • Android SDK at /Users/cuteutya/Library/Android/sdk
    ✗ cmdline-tools component is missing
      Run `path/to/sdkmanager --install "cmdline-tools;latest"`
      See https://developer.android.com/studio/command-line for more details.
    ✗ Android license status unknown.
      Run `flutter doctor --android-licenses` to accept the SDK licenses.
      See https://flutter.dev/to/macos-android-setup for more details.

[✓] Xcode - develop for iOS and macOS (Xcode 16.0)
    • Xcode at /Applications/Xcode.app/Contents/Developer
    • Build 16A242d
    • CocoaPods version 1.15.2

[✓] Chrome - develop for the web
    • Chrome at /Applications/Google Chrome.app/Contents/MacOS/Google Chrome

[✓] Android Studio (version 2024.1)
    • Android Studio at /Applications/Android Studio.app/Contents
    • Flutter plugin can be installed from:
      🔨 https://plugins.jetbrains.com/plugin/9212-flutter
    • Dart plugin can be installed from:
      🔨 https://plugins.jetbrains.com/plugin/6351-dart
    • Java version OpenJDK Runtime Environment (build 17.0.11+0-17.0.11b1207.24-11852314)

[✓] VS Code (version 1.95.2)
    • VS Code at /Applications/Visual Studio Code.app/Contents
    • Flutter extension version 3.100.0

[✓] Connected device (4 available)
    • Tymur’s iPhone (mobile)         • 00008110-001E45440CFA801E • ios            • iOS 17.6.1 21G93
    • macOS (desktop)                 • macos                     • darwin-arm64   • macOS 15.0.1 24A348 darwin-arm64
    • Mac Designed for iPad (desktop) • mac-designed-for-ipad     • darwin         • macOS 15.0.1 24A348 darwin-arm64
    • Chrome (web)                    • chrome                    • web-javascript • Google Chrome 130.0.6723.117

[✓] Network resources
    • All expected network resources are available.

! Doctor found issues in 1 category.
```
